2026-01-15 10:42:05,736 - INFO - Archivo procesado correctamente: a1.csv
2026-01-15 10:52:22,454 - INFO - Archivo procesado correctamente: a1.csv
2026-01-15 11:28:42,422 - INFO - Intersecciones OSM asociadas: 32
2026-01-15 11:28:42,425 - INFO - Intersecciones finales: 32
2026-01-15 11:28:42,437 - INFO - Archivo guardado: C:\Users\u173750\OneDrive - Telecom Argentina SA\_17_GIT\carto\data\salida\0.3.1_intersecciones_osm_con_acad.geojson
2026-01-15 11:28:42,437 - INFO - Matcher completado: 32 matches
2026-01-15 14:56:40,694 - INFO - Archivo procesado correctamente: a1.csv
2026-01-15 14:57:15,528 - INFO - Intersecciones OSM asociadas: 32
2026-01-15 14:57:15,536 - INFO - Intersecciones finales: 32
2026-01-15 14:57:15,555 - INFO - Archivo guardado: C:\Users\u173750\OneDrive - Telecom Argentina SA\_17_GIT\carto\data\salida\0.3.1_intersecciones_osm_con_acad.geojson
2026-01-15 14:57:15,556 - INFO - Matcher completado: 32 matches
2026-01-15 14:57:19,665 - INFO - Intersecciones OSM asociadas: 32
2026-01-15 14:57:19,667 - INFO - Intersecciones finales: 32
2026-01-15 14:57:19,675 - INFO - Archivo guardado: C:\Users\u173750\OneDrive - Telecom Argentina SA\_17_GIT\carto\data\salida\0.3.1_intersecciones_osm_con_acad.geojson
2026-01-15 14:57:19,676 - INFO - Matcher completado: 32 matches
2026-01-15 15:01:42,316 - INFO - Archivo procesado correctamente: a1.csv
2026-01-15 15:03:18,420 - INFO - Intersecciones OSM asociadas: 64
2026-01-15 15:03:18,426 - INFO - Intersecciones finales: 64
2026-01-15 15:03:18,447 - INFO - Archivo guardado: C:\Users\u173750\OneDrive - Telecom Argentina SA\_17_GIT\carto\data\salida\0.3.1_intersecciones_osm_con_acad.geojson
2026-01-15 15:03:18,448 - INFO - Matcher completado: 64 matches
2026-01-15 16:31:21,163 - INFO - Intersecciones OSM asociadas: 188
2026-01-15 16:31:21,169 - INFO - Intersecciones finales: 188
2026-01-15 16:31:21,214 - INFO - Archivo guardado: C:\Users\u173750\OneDrive - Telecom Argentina SA\_17_GIT\carto\data\salida\0.3.1_intersecciones_osm_con_acad.geojson
2026-01-15 16:31:21,365 - INFO - Intersecciones OSM asociadas: 188
2026-01-15 16:31:21,372 - INFO - Intersecciones finales: 188
2026-01-15 16:31:21,416 - INFO - Archivo guardado: C:\Users\u173750\OneDrive - Telecom Argentina SA\_17_GIT\carto\data\salida\0.3.1_intersecciones_osm_con_acad.geojson
2026-01-15 16:43:29,581 - INFO - Intersecciones OSM asociadas: 188
2026-01-15 16:43:29,581 - INFO - Intersecciones finales: 188
2026-01-15 16:43:29,613 - INFO - Archivo guardado: C:\Users\u173750\OneDrive - Telecom Argentina SA\_17_GIT\carto\data\salida\0.3.1_intersecciones_osm_con_acad.geojson
2026-01-15 16:46:35,580 - INFO - Intersecciones OSM asociadas: 188
2026-01-15 16:46:35,582 - INFO - Intersecciones finales: 188
2026-01-15 16:46:35,606 - INFO - Archivo guardado: C:\Users\u173750\OneDrive - Telecom Argentina SA\_17_GIT\carto\data\salida\0.3.1_intersecciones_osm_con_acad.geojson
2026-01-15 16:52:17,959 - INFO - Intersecciones OSM asociadas: 188
2026-01-15 16:52:17,962 - INFO - Intersecciones finales: 188
2026-01-15 16:52:17,983 - INFO - Archivo guardado: C:\Users\u173750\OneDrive - Telecom Argentina SA\_17_GIT\carto\data\salida\0.3.1_intersecciones_osm_con_acad.geojson
2026-01-16 10:47:28,206 - INFO - Archivo procesado correctamente: a1.csv
2026-01-16 10:50:19,520 - INFO - Intersecciones OSM asociadas: 188
2026-01-16 10:50:19,522 - INFO - Intersecciones finales: 188
2026-01-16 10:50:19,544 - INFO - Archivo guardado: C:\Users\u173750\OneDrive - Telecom Argentina SA\_17_GIT\carto\data\salida\0.3.1_intersecciones_osm_con_acad.geojson
